INFO - 2024-07-19 10:41:56 --> Session: Class initialized using 'CodeIgniter\Session\Handlers\FileHandler' driver.
INFO - 2024-07-19 10:42:41 --> Session: Class initialized using 'CodeIgniter\Session\Handlers\FileHandler' driver.
INFO - 2024-07-19 10:42:56 --> Session: Class initialized using 'CodeIgniter\Session\Handlers\FileHandler' driver.
INFO - 2024-07-19 10:43:19 --> Session: Class initialized using 'CodeIgniter\Session\Handlers\FileHandler' driver.
INFO - 2024-07-19 10:43:20 --> Session: Class initialized using 'CodeIgniter\Session\Handlers\FileHandler' driver.
INFO - 2024-07-19 10:44:54 --> Session: Class initialized using 'CodeIgniter\Session\Handlers\FileHandler' driver.
CRITICAL - 2024-07-19 10:44:55 --> Undefined variable $listGejala
in APPPATH\Controllers\MasterDiagnosaController.php on line 297.
 1 APPPATH\Controllers\MasterDiagnosaController.php(297): CodeIgniter\Debug\Exceptions->errorHandler(2, 'Undefined variable $listGejala', 'C:\\xampp\\htdocs\\SKRIPSI\\Sistem-Pakar-Depresi\\app\\Controllers\\MasterDiagnosaController.php', 297)
 2 SYSTEMPATH\CodeIgniter.php(932): App\Controllers\MasterDiagnosaController->hitung()
 3 SYSTEMPATH\CodeIgniter.php(497): CodeIgniter\CodeIgniter->runController(Object(App\Controllers\MasterDiagnosaController))
 4 SYSTEMPATH\CodeIgniter.php(366): CodeIgniter\CodeIgniter->handleRequest(null, Object(Config\Cache), false)
 5 FCPATH\index.php(67): CodeIgniter\CodeIgniter->run()
INFO - 2024-07-19 10:49:02 --> Session: Class initialized using 'CodeIgniter\Session\Handlers\FileHandler' driver.
ERROR - 2024-07-19 10:49:03 --> mysqli_sql_exception: You have an error in your SQL syntax; check the manual that corresponds to your MariaDB server version for the right syntax to use near ')' at line 3 in C:\xampp\htdocs\SKRIPSI\Sistem-Pakar-Depresi\vendor\codeigniter4\framework\system\Database\MySQLi\Connection.php:295
Stack trace:
#0 C:\xampp\htdocs\SKRIPSI\Sistem-Pakar-Depresi\vendor\codeigniter4\framework\system\Database\MySQLi\Connection.php(295): mysqli->query('SELECT *\nFROM `...', 0)
#1 C:\xampp\htdocs\SKRIPSI\Sistem-Pakar-Depresi\vendor\codeigniter4\framework\system\Database\BaseConnection.php(692): CodeIgniter\Database\MySQLi\Connection->execute('SELECT *\nFROM `...')
#2 C:\xampp\htdocs\SKRIPSI\Sistem-Pakar-Depresi\vendor\codeigniter4\framework\system\Database\BaseConnection.php(606): CodeIgniter\Database\BaseConnection->simpleQuery('SELECT *\nFROM `...')
#3 C:\xampp\htdocs\SKRIPSI\Sistem-Pakar-Depresi\vendor\codeigniter4\framework\system\Database\BaseBuilder.php(1616): CodeIgniter\Database\BaseConnection->query('SELECT *\nFROM `...', Array, false)
#4 C:\xampp\htdocs\SKRIPSI\Sistem-Pakar-Depresi\vendor\codeigniter4\framework\system\Model.php(241): CodeIgniter\Database\BaseBuilder->get()
#5 C:\xampp\htdocs\SKRIPSI\Sistem-Pakar-Depresi\vendor\codeigniter4\framework\system\BaseModel.php(618): CodeIgniter\Model->doFindAll(0, 0)
#6 C:\xampp\htdocs\SKRIPSI\Sistem-Pakar-Depresi\app\Controllers\MasterDiagnosaController.php(312): CodeIgniter\BaseModel->findAll()
#7 C:\xampp\htdocs\SKRIPSI\Sistem-Pakar-Depresi\vendor\codeigniter4\framework\system\CodeIgniter.php(932): App\Controllers\MasterDiagnosaController->hitung()
#8 C:\xampp\htdocs\SKRIPSI\Sistem-Pakar-Depresi\vendor\codeigniter4\framework\system\CodeIgniter.php(497): CodeIgniter\CodeIgniter->runController(Object(App\Controllers\MasterDiagnosaController))
#9 C:\xampp\htdocs\SKRIPSI\Sistem-Pakar-Depresi\vendor\codeigniter4\framework\system\CodeIgniter.php(366): CodeIgniter\CodeIgniter->handleRequest(NULL, Object(Config\Cache), false)
#10 C:\xampp\htdocs\SKRIPSI\Sistem-Pakar-Depresi\index.php(67): CodeIgniter\CodeIgniter->run()
#11 {main}
CRITICAL - 2024-07-19 10:49:03 --> You have an error in your SQL syntax; check the manual that corresponds to your MariaDB server version for the right syntax to use near ')' at line 3
in SYSTEMPATH\Database\MySQLi\Connection.php on line 295.
 1 SYSTEMPATH\Database\MySQLi\Connection.php(295): mysqli->query('SELECT *
FROM `tbl_penyakit`
WHERE `id_penyakit` IN ()', 0)
 2 SYSTEMPATH\Database\BaseConnection.php(692): CodeIgniter\Database\MySQLi\Connection->execute('SELECT *
FROM `tbl_penyakit`
WHERE `id_penyakit` IN ()')
 3 SYSTEMPATH\Database\BaseConnection.php(606): CodeIgniter\Database\BaseConnection->simpleQuery('SELECT *
FROM `tbl_penyakit`
WHERE `id_penyakit` IN ()')
 4 SYSTEMPATH\Database\BaseBuilder.php(1616): CodeIgniter\Database\BaseConnection->query('SELECT *
FROM `tbl_penyakit`
WHERE `id_penyakit` IN :id_penyakit:', [...], false)
 5 SYSTEMPATH\Model.php(241): CodeIgniter\Database\BaseBuilder->get()
 6 SYSTEMPATH\BaseModel.php(618): CodeIgniter\Model->doFindAll(0, 0)
 7 APPPATH\Controllers\MasterDiagnosaController.php(312): CodeIgniter\BaseModel->findAll()
 8 SYSTEMPATH\CodeIgniter.php(932): App\Controllers\MasterDiagnosaController->hitung()
 9 SYSTEMPATH\CodeIgniter.php(497): CodeIgniter\CodeIgniter->runController(Object(App\Controllers\MasterDiagnosaController))
10 SYSTEMPATH\CodeIgniter.php(366): CodeIgniter\CodeIgniter->handleRequest(null, Object(Config\Cache), false)
11 FCPATH\index.php(67): CodeIgniter\CodeIgniter->run()
INFO - 2024-07-19 10:55:28 --> Session: Class initialized using 'CodeIgniter\Session\Handlers\FileHandler' driver.
DEBUG - 2024-07-19 10:55:29 --> Executing query: SELECT *
FROM `tbl_cf_user`
WHERE `id_cf_mahasiswa` = '3'
 LIMIT 1
DEBUG - 2024-07-19 10:55:29 --> Executing query: SELECT *
FROM `tbl_cf_user`
WHERE `id_cf_mahasiswa` = '4'
 LIMIT 1
DEBUG - 2024-07-19 10:55:29 --> Executing query: SELECT *
FROM `tbl_cf_user`
WHERE `id_cf_mahasiswa` = '5'
 LIMIT 1
DEBUG - 2024-07-19 10:55:29 --> Executing query: SELECT *
FROM `tbl_cf_user`
WHERE `id_cf_mahasiswa` = '6'
 LIMIT 1
DEBUG - 2024-07-19 10:55:29 --> Executing query: SELECT COUNT(*) AS `numrows`
FROM `tbl_gejala`
DEBUG - 2024-07-19 10:55:29 --> Executing query: SELECT *
FROM `tbl_penyakit`
WHERE `tbl_penyakit`.`id_penyakit` = 0
DEBUG - 2024-07-19 10:55:29 --> Executing query: SELECT *
FROM `tbl_diagnosa`
WHERE `nama_mahasiswa` = 'Nurul Istika'
 LIMIT 1
DEBUG - 2024-07-19 10:55:29 --> Executing query: INSERT INTO `tbl_diagnosa` (`id_penyakit`, `nama_mahasiswa`, `jk`, `nim`, `prodi`, `semester`, `tgl_diagnosa`, `cf_akhir`, `presentase`, `p_1`, `p_2`, `p_3`, `p_4`, `p_5`) VALUES (0, 'Nurul Istika', 'Perempuan', '20670080', 'Informatika', '8', '2024-07-19', 0, '0.00', 'Untuk Saya Sendiri', '21-25 Tahun', 'Ya', 'Tekanan skripsi dan semacamnya', 'Tidak ada')
DEBUG - 2024-07-19 10:55:29 --> Executing query: SELECT *
FROM `tbl_penyakit`
WHERE `id_penyakit` IN ()
ERROR - 2024-07-19 10:55:29 --> mysqli_sql_exception: You have an error in your SQL syntax; check the manual that corresponds to your MariaDB server version for the right syntax to use near ')' at line 3 in C:\xampp\htdocs\SKRIPSI\Sistem-Pakar-Depresi\vendor\codeigniter4\framework\system\Database\MySQLi\Connection.php:299
Stack trace:
#0 C:\xampp\htdocs\SKRIPSI\Sistem-Pakar-Depresi\vendor\codeigniter4\framework\system\Database\MySQLi\Connection.php(299): mysqli->query('SELECT *\nFROM `...', 0)
#1 C:\xampp\htdocs\SKRIPSI\Sistem-Pakar-Depresi\vendor\codeigniter4\framework\system\Database\BaseConnection.php(692): CodeIgniter\Database\MySQLi\Connection->execute('SELECT *\nFROM `...')
#2 C:\xampp\htdocs\SKRIPSI\Sistem-Pakar-Depresi\vendor\codeigniter4\framework\system\Database\BaseConnection.php(606): CodeIgniter\Database\BaseConnection->simpleQuery('SELECT *\nFROM `...')
#3 C:\xampp\htdocs\SKRIPSI\Sistem-Pakar-Depresi\vendor\codeigniter4\framework\system\Database\BaseBuilder.php(1616): CodeIgniter\Database\BaseConnection->query('SELECT *\nFROM `...', Array, false)
#4 C:\xampp\htdocs\SKRIPSI\Sistem-Pakar-Depresi\vendor\codeigniter4\framework\system\Model.php(241): CodeIgniter\Database\BaseBuilder->get()
#5 C:\xampp\htdocs\SKRIPSI\Sistem-Pakar-Depresi\vendor\codeigniter4\framework\system\BaseModel.php(618): CodeIgniter\Model->doFindAll(0, 0)
#6 C:\xampp\htdocs\SKRIPSI\Sistem-Pakar-Depresi\app\Controllers\MasterDiagnosaController.php(312): CodeIgniter\BaseModel->findAll()
#7 C:\xampp\htdocs\SKRIPSI\Sistem-Pakar-Depresi\vendor\codeigniter4\framework\system\CodeIgniter.php(932): App\Controllers\MasterDiagnosaController->hitung()
#8 C:\xampp\htdocs\SKRIPSI\Sistem-Pakar-Depresi\vendor\codeigniter4\framework\system\CodeIgniter.php(497): CodeIgniter\CodeIgniter->runController(Object(App\Controllers\MasterDiagnosaController))
#9 C:\xampp\htdocs\SKRIPSI\Sistem-Pakar-Depresi\vendor\codeigniter4\framework\system\CodeIgniter.php(366): CodeIgniter\CodeIgniter->handleRequest(NULL, Object(Config\Cache), false)
#10 C:\xampp\htdocs\SKRIPSI\Sistem-Pakar-Depresi\index.php(67): CodeIgniter\CodeIgniter->run()
#11 {main}
CRITICAL - 2024-07-19 10:55:29 --> You have an error in your SQL syntax; check the manual that corresponds to your MariaDB server version for the right syntax to use near ')' at line 3
in SYSTEMPATH\Database\MySQLi\Connection.php on line 299.
 1 SYSTEMPATH\Database\MySQLi\Connection.php(299): mysqli->query('SELECT *
FROM `tbl_penyakit`
WHERE `id_penyakit` IN ()', 0)
 2 SYSTEMPATH\Database\BaseConnection.php(692): CodeIgniter\Database\MySQLi\Connection->execute('SELECT *
FROM `tbl_penyakit`
WHERE `id_penyakit` IN ()')
 3 SYSTEMPATH\Database\BaseConnection.php(606): CodeIgniter\Database\BaseConnection->simpleQuery('SELECT *
FROM `tbl_penyakit`
WHERE `id_penyakit` IN ()')
 4 SYSTEMPATH\Database\BaseBuilder.php(1616): CodeIgniter\Database\BaseConnection->query('SELECT *
FROM `tbl_penyakit`
WHERE `id_penyakit` IN :id_penyakit:', [...], false)
 5 SYSTEMPATH\Model.php(241): CodeIgniter\Database\BaseBuilder->get()
 6 SYSTEMPATH\BaseModel.php(618): CodeIgniter\Model->doFindAll(0, 0)
 7 APPPATH\Controllers\MasterDiagnosaController.php(312): CodeIgniter\BaseModel->findAll()
 8 SYSTEMPATH\CodeIgniter.php(932): App\Controllers\MasterDiagnosaController->hitung()
 9 SYSTEMPATH\CodeIgniter.php(497): CodeIgniter\CodeIgniter->runController(Object(App\Controllers\MasterDiagnosaController))
10 SYSTEMPATH\CodeIgniter.php(366): CodeIgniter\CodeIgniter->handleRequest(null, Object(Config\Cache), false)
11 FCPATH\index.php(67): CodeIgniter\CodeIgniter->run()
INFO - 2024-07-19 11:05:43 --> Session: Class initialized using 'CodeIgniter\Session\Handlers\FileHandler' driver.
DEBUG - 2024-07-19 11:05:44 --> Executing query: SELECT *
FROM `tbl_cf_user`
WHERE `id_cf_mahasiswa` = '3'
 LIMIT 1
DEBUG - 2024-07-19 11:05:44 --> Executing query: SELECT *
FROM `tbl_cf_user`
WHERE `id_cf_mahasiswa` = '4'
 LIMIT 1
DEBUG - 2024-07-19 11:05:44 --> Executing query: SELECT *
FROM `tbl_cf_user`
WHERE `id_cf_mahasiswa` = '5'
 LIMIT 1
DEBUG - 2024-07-19 11:05:44 --> Executing query: SELECT *
FROM `tbl_cf_user`
WHERE `id_cf_mahasiswa` = '6'
 LIMIT 1
DEBUG - 2024-07-19 11:05:44 --> Executing query: SELECT COUNT(*) AS `numrows`
FROM `tbl_gejala`
DEBUG - 2024-07-19 11:05:44 --> Executing query: SELECT *
FROM `tbl_penyakit`
WHERE `tbl_penyakit`.`id_penyakit` = 0
DEBUG - 2024-07-19 11:05:44 --> Executing query: SELECT *
FROM `tbl_diagnosa`
WHERE `nama_mahasiswa` = 'Nurul Istika'
 LIMIT 1
DEBUG - 2024-07-19 11:05:44 --> Executing query: INSERT INTO `tbl_diagnosa` (`id_penyakit`, `nama_mahasiswa`, `jk`, `nim`, `prodi`, `semester`, `tgl_diagnosa`, `cf_akhir`, `presentase`, `p_1`, `p_2`, `p_3`, `p_4`, `p_5`) VALUES (0, 'Nurul Istika', 'Perempuan', '20670080', 'Informatika', '8', '2024-07-19', 0, '0.00', 'Untuk Saya Sendiri', '21-25 Tahun', 'Ya', 'Tekanan skripsi dan semacamnya', 'Tidak ada')
DEBUG - 2024-07-19 11:05:44 --> Executing query: SELECT *
FROM `tbl_penyakit`
WHERE `id_penyakit` IN ()
ERROR - 2024-07-19 11:05:44 --> SQL error: You have an error in your SQL syntax; check the manual that corresponds to your MariaDB server version for the right syntax to use near ')' at line 3
ERROR - 2024-07-19 11:05:44 --> Query: SELECT *
FROM `tbl_penyakit`
WHERE `id_penyakit` IN ()
CRITICAL - 2024-07-19 11:05:44 --> You have an error in your SQL syntax; check the manual that corresponds to your MariaDB server version for the right syntax to use near ')' at line 3
in SYSTEMPATH\Database\MySQLi\Connection.php on line 300.
 1 SYSTEMPATH\Database\MySQLi\Connection.php(300): mysqli->query('SELECT *
FROM `tbl_penyakit`
WHERE `id_penyakit` IN ()', 0)
 2 SYSTEMPATH\Database\BaseConnection.php(692): CodeIgniter\Database\MySQLi\Connection->execute('SELECT *
FROM `tbl_penyakit`
WHERE `id_penyakit` IN ()')
 3 SYSTEMPATH\Database\BaseConnection.php(606): CodeIgniter\Database\BaseConnection->simpleQuery('SELECT *
FROM `tbl_penyakit`
WHERE `id_penyakit` IN ()')
 4 SYSTEMPATH\Database\BaseBuilder.php(1616): CodeIgniter\Database\BaseConnection->query('SELECT *
FROM `tbl_penyakit`
WHERE `id_penyakit` IN :id_penyakit:', [...], false)
 5 SYSTEMPATH\Model.php(241): CodeIgniter\Database\BaseBuilder->get()
 6 SYSTEMPATH\BaseModel.php(618): CodeIgniter\Model->doFindAll(0, 0)
 7 APPPATH\Controllers\MasterDiagnosaController.php(312): CodeIgniter\BaseModel->findAll()
 8 SYSTEMPATH\CodeIgniter.php(932): App\Controllers\MasterDiagnosaController->hitung()
 9 SYSTEMPATH\CodeIgniter.php(497): CodeIgniter\CodeIgniter->runController(Object(App\Controllers\MasterDiagnosaController))
10 SYSTEMPATH\CodeIgniter.php(366): CodeIgniter\CodeIgniter->handleRequest(null, Object(Config\Cache), false)
11 FCPATH\index.php(67): CodeIgniter\CodeIgniter->run()
INFO - 2024-07-19 11:14:59 --> Session: Class initialized using 'CodeIgniter\Session\Handlers\FileHandler' driver.
INFO - 2024-07-19 11:15:00 --> Session: Class initialized using 'CodeIgniter\Session\Handlers\FileHandler' driver.
INFO - 2024-07-19 11:15:16 --> Session: Class initialized using 'CodeIgniter\Session\Handlers\FileHandler' driver.
INFO - 2024-07-19 11:15:16 --> Session: Class initialized using 'CodeIgniter\Session\Handlers\FileHandler' driver.
INFO - 2024-07-19 11:15:24 --> Session: Class initialized using 'CodeIgniter\Session\Handlers\FileHandler' driver.
INFO - 2024-07-19 11:16:00 --> Session: Class initialized using 'CodeIgniter\Session\Handlers\FileHandler' driver.
INFO - 2024-07-19 11:16:01 --> Session: Class initialized using 'CodeIgniter\Session\Handlers\FileHandler' driver.
INFO - 2024-07-19 11:16:37 --> Session: Class initialized using 'CodeIgniter\Session\Handlers\FileHandler' driver.
INFO - 2024-07-19 11:16:38 --> Session: Class initialized using 'CodeIgniter\Session\Handlers\FileHandler' driver.
INFO - 2024-07-19 11:53:24 --> Session: Class initialized using 'CodeIgniter\Session\Handlers\FileHandler' driver.
INFO - 2024-07-19 11:53:56 --> Session: Class initialized using 'CodeIgniter\Session\Handlers\FileHandler' driver.
INFO - 2024-07-19 11:53:58 --> Session: Class initialized using 'CodeIgniter\Session\Handlers\FileHandler' driver.
INFO - 2024-07-19 11:55:33 --> Session: Class initialized using 'CodeIgniter\Session\Handlers\FileHandler' driver.
INFO - 2024-07-19 11:55:34 --> Session: Class initialized using 'CodeIgniter\Session\Handlers\FileHandler' driver.
INFO - 2024-07-19 11:55:53 --> Session: Class initialized using 'CodeIgniter\Session\Handlers\FileHandler' driver.
INFO - 2024-07-19 11:55:54 --> Session: Class initialized using 'CodeIgniter\Session\Handlers\FileHandler' driver.
INFO - 2024-07-19 13:54:35 --> Session: Class initialized using 'CodeIgniter\Session\Handlers\FileHandler' driver.
INFO - 2024-07-19 13:54:39 --> Session: Class initialized using 'CodeIgniter\Session\Handlers\FileHandler' driver.
INFO - 2024-07-19 13:55:04 --> Session: Class initialized using 'CodeIgniter\Session\Handlers\FileHandler' driver.
INFO - 2024-07-19 13:58:40 --> Session: Class initialized using 'CodeIgniter\Session\Handlers\FileHandler' driver.
INFO - 2024-07-19 14:00:57 --> Session: Class initialized using 'CodeIgniter\Session\Handlers\FileHandler' driver.
INFO - 2024-07-19 14:01:06 --> Session: Class initialized using 'CodeIgniter\Session\Handlers\FileHandler' driver.
INFO - 2024-07-19 14:02:11 --> Session: Class initialized using 'CodeIgniter\Session\Handlers\FileHandler' driver.
INFO - 2024-07-19 21:02:35 --> Session: Class initialized using 'CodeIgniter\Session\Handlers\FileHandler' driver.
INFO - 2024-07-19 14:02:36 --> Session: Class initialized using 'CodeIgniter\Session\Handlers\FileHandler' driver.
INFO - 2024-07-19 21:04:25 --> Session: Class initialized using 'CodeIgniter\Session\Handlers\FileHandler' driver.
INFO - 2024-07-19 21:05:05 --> Session: Class initialized using 'CodeIgniter\Session\Handlers\FileHandler' driver.
INFO - 2024-07-19 14:05:06 --> Session: Class initialized using 'CodeIgniter\Session\Handlers\FileHandler' driver.
INFO - 2024-07-19 14:05:29 --> Session: Class initialized using 'CodeIgniter\Session\Handlers\FileHandler' driver.
INFO - 2024-07-19 14:05:30 --> Session: Class initialized using 'CodeIgniter\Session\Handlers\FileHandler' driver.
INFO - 2024-07-19 14:09:05 --> Session: Class initialized using 'CodeIgniter\Session\Handlers\FileHandler' driver.
INFO - 2024-07-19 14:09:08 --> Session: Class initialized using 'CodeIgniter\Session\Handlers\FileHandler' driver.
INFO - 2024-07-19 14:09:57 --> Session: Class initialized using 'CodeIgniter\Session\Handlers\FileHandler' driver.
INFO - 2024-07-19 14:10:17 --> Session: Class initialized using 'CodeIgniter\Session\Handlers\FileHandler' driver.
INFO - 2024-07-19 14:10:17 --> Session: Class initialized using 'CodeIgniter\Session\Handlers\FileHandler' driver.
INFO - 2024-07-19 14:10:28 --> Session: Class initialized using 'CodeIgniter\Session\Handlers\FileHandler' driver.
INFO - 2024-07-19 14:10:37 --> Session: Class initialized using 'CodeIgniter\Session\Handlers\FileHandler' driver.
INFO - 2024-07-19 14:10:48 --> Session: Class initialized using 'CodeIgniter\Session\Handlers\FileHandler' driver.
INFO - 2024-07-19 14:11:31 --> Session: Class initialized using 'CodeIgniter\Session\Handlers\FileHandler' driver.
INFO - 2024-07-19 15:52:38 --> Session: Class initialized using 'CodeIgniter\Session\Handlers\FileHandler' driver.
INFO - 2024-07-19 15:52:40 --> Session: Class initialized using 'CodeIgniter\Session\Handlers\FileHandler' driver.
INFO - 2024-07-19 16:29:28 --> Session: Class initialized using 'CodeIgniter\Session\Handlers\FileHandler' driver.
INFO - 2024-07-19 16:41:27 --> Session: Class initialized using 'CodeIgniter\Session\Handlers\FileHandler' driver.
INFO - 2024-07-19 16:41:44 --> Session: Class initialized using 'CodeIgniter\Session\Handlers\FileHandler' driver.
INFO - 2024-07-19 16:41:45 --> Session: Class initialized using 'CodeIgniter\Session\Handlers\FileHandler' driver.
INFO - 2024-07-19 16:46:59 --> Session: Class initialized using 'CodeIgniter\Session\Handlers\FileHandler' driver.
INFO - 2024-07-19 16:48:46 --> Session: Class initialized using 'CodeIgniter\Session\Handlers\FileHandler' driver.
INFO - 2024-07-19 16:49:02 --> Session: Class initialized using 'CodeIgniter\Session\Handlers\FileHandler' driver.
INFO - 2024-07-19 16:49:04 --> Session: Class initialized using 'CodeIgniter\Session\Handlers\FileHandler' driver.
INFO - 2024-07-19 16:49:12 --> Session: Class initialized using 'CodeIgniter\Session\Handlers\FileHandler' driver.
INFO - 2024-07-19 16:49:21 --> Session: Class initialized using 'CodeIgniter\Session\Handlers\FileHandler' driver.
INFO - 2024-07-19 16:50:01 --> Session: Class initialized using 'CodeIgniter\Session\Handlers\FileHandler' driver.
INFO - 2024-07-19 16:50:02 --> Session: Class initialized using 'CodeIgniter\Session\Handlers\FileHandler' driver.
INFO - 2024-07-19 16:50:30 --> Session: Class initialized using 'CodeIgniter\Session\Handlers\FileHandler' driver.
INFO - 2024-07-19 16:53:35 --> Session: Class initialized using 'CodeIgniter\Session\Handlers\FileHandler' driver.
INFO - 2024-07-19 16:53:36 --> Session: Class initialized using 'CodeIgniter\Session\Handlers\FileHandler' driver.
INFO - 2024-07-19 16:55:14 --> Session: Class initialized using 'CodeIgniter\Session\Handlers\FileHandler' driver.
CRITICAL - 2024-07-19 16:55:14 --> Undefined variable $cfUserId
in APPPATH\Controllers\MasterDiagnosaController.php on line 60.
 1 APPPATH\Controllers\MasterDiagnosaController.php(60): CodeIgniter\Debug\Exceptions->errorHandler(2, 'Undefined variable $cfUserId', 'C:\\xampp\\htdocs\\SKRIPSI\\Sistem-Pakar-Depresi\\app\\Controllers\\MasterDiagnosaController.php', 60)
 2 SYSTEMPATH\CodeIgniter.php(932): App\Controllers\MasterDiagnosaController->hitung()
 3 SYSTEMPATH\CodeIgniter.php(497): CodeIgniter\CodeIgniter->runController(Object(App\Controllers\MasterDiagnosaController))
 4 SYSTEMPATH\CodeIgniter.php(366): CodeIgniter\CodeIgniter->handleRequest(null, Object(Config\Cache), false)
 5 FCPATH\index.php(67): CodeIgniter\CodeIgniter->run()
INFO - 2024-07-19 17:00:39 --> Session: Class initialized using 'CodeIgniter\Session\Handlers\FileHandler' driver.
CRITICAL - 2024-07-19 17:00:39 --> Undefined array key "nilai_cf"
in APPPATH\Controllers\MasterDiagnosaController.php on line 171.
 1 APPPATH\Controllers\MasterDiagnosaController.php(171): CodeIgniter\Debug\Exceptions->errorHandler(2, 'Undefined array key "nilai_cf"', 'C:\\xampp\\htdocs\\SKRIPSI\\Sistem-Pakar-Depresi\\app\\Controllers\\MasterDiagnosaController.php', 171)
 2 SYSTEMPATH\CodeIgniter.php(932): App\Controllers\MasterDiagnosaController->hitung()
 3 SYSTEMPATH\CodeIgniter.php(497): CodeIgniter\CodeIgniter->runController(Object(App\Controllers\MasterDiagnosaController))
 4 SYSTEMPATH\CodeIgniter.php(366): CodeIgniter\CodeIgniter->handleRequest(null, Object(Config\Cache), false)
 5 FCPATH\index.php(67): CodeIgniter\CodeIgniter->run()
INFO - 2024-07-19 17:11:27 --> Session: Class initialized using 'CodeIgniter\Session\Handlers\FileHandler' driver.
CRITICAL - 2024-07-19 17:11:27 --> Undefined array key "nilai_cf"
in APPPATH\Controllers\MasterDiagnosaController.php on line 171.
 1 APPPATH\Controllers\MasterDiagnosaController.php(171): CodeIgniter\Debug\Exceptions->errorHandler(2, 'Undefined array key "nilai_cf"', 'C:\\xampp\\htdocs\\SKRIPSI\\Sistem-Pakar-Depresi\\app\\Controllers\\MasterDiagnosaController.php', 171)
 2 SYSTEMPATH\CodeIgniter.php(932): App\Controllers\MasterDiagnosaController->hitung()
 3 SYSTEMPATH\CodeIgniter.php(497): CodeIgniter\CodeIgniter->runController(Object(App\Controllers\MasterDiagnosaController))
 4 SYSTEMPATH\CodeIgniter.php(366): CodeIgniter\CodeIgniter->handleRequest(null, Object(Config\Cache), false)
 5 FCPATH\index.php(67): CodeIgniter\CodeIgniter->run()
INFO - 2024-07-19 17:11:33 --> Session: Class initialized using 'CodeIgniter\Session\Handlers\FileHandler' driver.
CRITICAL - 2024-07-19 17:11:33 --> Undefined array key "nilai_cf"
in APPPATH\Controllers\MasterDiagnosaController.php on line 171.
 1 APPPATH\Controllers\MasterDiagnosaController.php(171): CodeIgniter\Debug\Exceptions->errorHandler(2, 'Undefined array key "nilai_cf"', 'C:\\xampp\\htdocs\\SKRIPSI\\Sistem-Pakar-Depresi\\app\\Controllers\\MasterDiagnosaController.php', 171)
 2 SYSTEMPATH\CodeIgniter.php(932): App\Controllers\MasterDiagnosaController->hitung()
 3 SYSTEMPATH\CodeIgniter.php(497): CodeIgniter\CodeIgniter->runController(Object(App\Controllers\MasterDiagnosaController))
 4 SYSTEMPATH\CodeIgniter.php(366): CodeIgniter\CodeIgniter->handleRequest(null, Object(Config\Cache), false)
 5 FCPATH\index.php(67): CodeIgniter\CodeIgniter->run()
INFO - 2024-07-19 17:16:28 --> Session: Class initialized using 'CodeIgniter\Session\Handlers\FileHandler' driver.
CRITICAL - 2024-07-19 17:16:28 --> Undefined array key "nilai_cf"
in APPPATH\Controllers\MasterDiagnosaController.php on line 172.
 1 APPPATH\Controllers\MasterDiagnosaController.php(172): CodeIgniter\Debug\Exceptions->errorHandler(2, 'Undefined array key "nilai_cf"', 'C:\\xampp\\htdocs\\SKRIPSI\\Sistem-Pakar-Depresi\\app\\Controllers\\MasterDiagnosaController.php', 172)
 2 SYSTEMPATH\CodeIgniter.php(932): App\Controllers\MasterDiagnosaController->hitung()
 3 SYSTEMPATH\CodeIgniter.php(497): CodeIgniter\CodeIgniter->runController(Object(App\Controllers\MasterDiagnosaController))
 4 SYSTEMPATH\CodeIgniter.php(366): CodeIgniter\CodeIgniter->handleRequest(null, Object(Config\Cache), false)
 5 FCPATH\index.php(67): CodeIgniter\CodeIgniter->run()
INFO - 2024-07-19 17:17:29 --> Session: Class initialized using 'CodeIgniter\Session\Handlers\FileHandler' driver.
CRITICAL - 2024-07-19 17:17:29 --> max(): Argument #1 ($value) must contain at least one element
in APPPATH\Controllers\MasterDiagnosaController.php on line 183.
 1 APPPATH\Controllers\MasterDiagnosaController.php(183): max([])
 2 SYSTEMPATH\CodeIgniter.php(932): App\Controllers\MasterDiagnosaController->hitung()
 3 SYSTEMPATH\CodeIgniter.php(497): CodeIgniter\CodeIgniter->runController(Object(App\Controllers\MasterDiagnosaController))
 4 SYSTEMPATH\CodeIgniter.php(366): CodeIgniter\CodeIgniter->handleRequest(null, Object(Config\Cache), false)
 5 FCPATH\index.php(67): CodeIgniter\CodeIgniter->run()
INFO - 2024-07-19 17:21:16 --> Session: Class initialized using 'CodeIgniter\Session\Handlers\FileHandler' driver.
CRITICAL - 2024-07-19 17:21:16 --> max(): Argument #1 ($value) must contain at least one element
in APPPATH\Controllers\MasterDiagnosaController.php on line 183.
 1 APPPATH\Controllers\MasterDiagnosaController.php(183): max([])
 2 SYSTEMPATH\CodeIgniter.php(932): App\Controllers\MasterDiagnosaController->hitung()
 3 SYSTEMPATH\CodeIgniter.php(497): CodeIgniter\CodeIgniter->runController(Object(App\Controllers\MasterDiagnosaController))
 4 SYSTEMPATH\CodeIgniter.php(366): CodeIgniter\CodeIgniter->handleRequest(null, Object(Config\Cache), false)
 5 FCPATH\index.php(67): CodeIgniter\CodeIgniter->run()
INFO - 2024-07-19 17:27:24 --> Session: Class initialized using 'CodeIgniter\Session\Handlers\FileHandler' driver.
CRITICAL - 2024-07-19 17:27:24 --> max(): Argument #1 ($value) must contain at least one element
in APPPATH\Controllers\MasterDiagnosaController.php on line 183.
 1 APPPATH\Controllers\MasterDiagnosaController.php(183): max([])
 2 SYSTEMPATH\CodeIgniter.php(932): App\Controllers\MasterDiagnosaController->hitung()
 3 SYSTEMPATH\CodeIgniter.php(497): CodeIgniter\CodeIgniter->runController(Object(App\Controllers\MasterDiagnosaController))
 4 SYSTEMPATH\CodeIgniter.php(366): CodeIgniter\CodeIgniter->handleRequest(null, Object(Config\Cache), false)
 5 FCPATH\index.php(67): CodeIgniter\CodeIgniter->run()
INFO - 2024-07-19 17:33:30 --> Session: Class initialized using 'CodeIgniter\Session\Handlers\FileHandler' driver.
CRITICAL - 2024-07-19 17:33:30 --> Trying to access array offset on value of type null
in APPPATH\Controllers\MasterDiagnosaController.php on line 196.
 1 APPPATH\Controllers\MasterDiagnosaController.php(196): CodeIgniter\Debug\Exceptions->errorHandler(2, 'Trying to access array offset on value of type null', 'C:\\xampp\\htdocs\\SKRIPSI\\Sistem-Pakar-Depresi\\app\\Controllers\\MasterDiagnosaController.php', 196)
 2 SYSTEMPATH\CodeIgniter.php(932): App\Controllers\MasterDiagnosaController->hitung()
 3 SYSTEMPATH\CodeIgniter.php(497): CodeIgniter\CodeIgniter->runController(Object(App\Controllers\MasterDiagnosaController))
 4 SYSTEMPATH\CodeIgniter.php(366): CodeIgniter\CodeIgniter->handleRequest(null, Object(Config\Cache), false)
 5 FCPATH\index.php(67): CodeIgniter\CodeIgniter->run()
